<?xml version="1.0" encoding="utf-8"?><testsuites name="pytest tests"><testsuite name="pytest" errors="0" failures="1" skipped="0" tests="27" time="3.056" timestamp="2026-07-01T10:25:10.032026+00:00" hostname="agent-env-1c12c5af-9e25-418b-b64c-1b292b29f67b"><testcase classname="tests.test_menu_review_api.TestDocumentsList" name="test_returns_5_documents" time="0.311" /><testcase classname="tests.test_menu_review_api.TestSaveCorrection" name="test_approve_row" time="0.372" /><testcase classname="tests.test_menu_review_api.TestDocumentsList" name="test_document_structure" time="0.135" /><testcase classname="tests.test_menu_review_api.TestSaveCorrection" name="test_correction_idempotent" time="0.277" /><testcase classname="tests.test_menu_review_api.TestDocumentsList" name="test_akula_organics_counts" time="0.145" /><testcase classname="tests.test_menu_review_api.TestDocumentsList" name="test_spicy_counts" time="0.102" /><testcase classname="tests.test_menu_review_api.TestSaveCorrection" name="test_edit_row" time="0.149" /><testcase classname="tests.test_menu_review_api.TestDocumentsList" name="test_all_expected_document_ids_present" time="0.153" /><testcase classname="tests.test_menu_review_api.TestSaveCorrection" name="test_delete_row" time="0.171" /><testcase classname="tests.test_menu_review_api.TestGetDocument" name="test_get_akula_document" time="0.110" /><testcase classname="tests.test_menu_review_api.TestGetDocument" name="test_document_pages_have_rows_and_notes" time="0.118" /><testcase classname="tests.test_menu_review_api.TestSaveCorrection" name="test_invalid_dataset_id" time="0.091" /><testcase classname="tests.test_menu_review_api.TestPDF" name="test_pdf_returns_200_akula" time="0.105" /><testcase classname="tests.test_menu_review_api.TestGetDocument" name="test_rows_have_correction_field" time="0.140" /><testcase classname="tests.test_menu_review_api.TestPDF" name="test_pdf_returns_200_spicy" time="0.106" /><testcase classname="tests.test_menu_review_api.TestGetDocument" name="test_get_invalid_doc" time="0.092" /><testcase classname="tests.test_menu_review_api.TestPDF" name="test_pdf_invalid_doc" time="0.102" /><testcase classname="tests.test_menu_review_api.TestExport" name="test_export_returns_json" time="0.210" /><testcase classname="tests.test_menu_review_api.TestNoteCorrection" name="test_approve_note" time="0.103" /><testcase classname="tests.test_menu_review_api.TestNoteCorrection" name="test_edit_note" time="0.099" /><testcase classname="tests.test_menu_review_api.TestExport" name="test_export_has_content_disposition" time="0.193" /><testcase classname="tests.test_menu_review_api.TestNoteCorrection" name="test_note_persists_after_save" time="0.151"><failure message="assert 0 == 1&#10; +  where 0 = len([])">backend/tests/test_menu_review_api.py:345: in test_note_persists_after_save
    assert len(note0) == 1
E   assert 0 == 1
E    +  where 0 = len([])</failure></testcase><testcase classname="tests.test_menu_review_api.TestExport" name="test_export_structure" time="0.213" /><testcase classname="tests.test_menu_review_api.TestStartReview" name="test_start_akula_review" time="0.136" /><testcase classname="tests.test_menu_review_api.TestStartReview" name="test_start_invalid_doc" time="0.106" /><testcase classname="tests.test_menu_review_api.TestProgress" name="test_progress_returns_correct_structure" time="0.146" /><testcase classname="tests.test_menu_review_api.TestProgress" name="test_progress_after_correction_reflects_change" time="0.233" /></testsuite></testsuites>