<?xml version="1.0" encoding="utf-8"?><testsuites name="pytest tests"><testsuite name="pytest" errors="0" failures="0" skipped="0" tests="4" time="3.173" timestamp="2026-05-06T16:09:14.905604+00:00" hostname="agent-env-a9f68a8e-106b-4643-8fba-6a101d69e6a3"><testcase classname="backend.tests.test_menu_automation.TestHealth" name="test_health_ok" time="0.854" /><testcase classname="backend.tests.test_menu_automation.TestHealth" name="test_root_message" time="1.635" /><testcase classname="backend.tests.test_menu_automation.TestDatasets" name="test_datasets_stats" time="0.273" /><testcase classname="backend.tests.test_menu_automation.TestStatus" name="test_create_and_list_status" time="0.279" /></testsuite></testsuites>