<?xml version="1.0" encoding="utf-8"?><testsuites name="pytest tests"><testsuite name="pytest" errors="0" failures="0" skipped="0" tests="6" time="1.013" timestamp="2026-06-27T06:56:02.949874+00:00" hostname="agent-env-00b697f8-3637-40d2-b5e9-72bd49b9c08f"><testcase classname="tests.test_menu_automation_api.TestStatusEndpoints" name="test_create_status_check" time="0.135" /><testcase classname="tests.test_menu_automation_api.TestRootEndpoint" name="test_root_returns_message" time="0.127" /><testcase classname="tests.test_menu_automation_api.TestHealthEndpoint" name="test_health_returns_ok" time="0.173" /><testcase classname="tests.test_menu_automation_api.TestStatusEndpoints" name="test_get_status_checks" time="0.111" /><testcase classname="tests.test_menu_automation_api.TestStatusEndpoints" name="test_create_and_verify_status_persistence" time="0.196" /><testcase classname="tests.test_menu_automation_api.TestDatasetsStatsEndpoint" name="test_datasets_stats_returns_correct_data" time="0.099" /></testsuite></testsuites>